<?xml version="1.0" encoding="UTF-8"?>
<!-- Generated by org.testng.reporters.JUnitReportReporter -->
<testsuite hostname="NCS-141220JY03" failures="0" tests="1" name="runners.PositiveTest" time="19.285" errors="0" timestamp="18 Feb 2021 14:06:50 GMT">
  <testcase classname="runners.PositiveTest" name="feature" time="19.285"/>
</testsuite> <!-- runners.PositiveTest -->
