<?xml version="1.0" encoding="UTF-8"?>
<!-- Generated by org.testng.reporters.JUnitReportReporter -->
<testsuite hostname="AMBIKA" failures="0" tests="2" name="mapSYNQ.HomePage" time="32.259" errors="0" timestamp="2020-03-10T22:30:24 SGT" skipped="0">
  <testcase classname="mapSYNQ.HomePage" name="basePageNavigation" time="15.423"/>
  <testcase classname="mapSYNQ.HomePage" name="basePageNavigation" time="16.836"/>
</testsuite> <!-- mapSYNQ.HomePage -->
