<?xml version="1.0" encoding="UTF-8"?>
<!-- Generated by org.testng.reporters.JUnitReportReporter -->
<testsuite hostname="AMBIKA" failures="0" tests="1" name="Academy.HomePage" time="24.109" errors="0" timestamp="2020-03-06T16:29:29 SGT" skipped="0">
  <testcase classname="Academy.HomePage" name="basePageNavigation" time="24.109"/>
</testsuite> <!-- Academy.HomePage -->
