<?xml version="1.0" encoding="UTF-8"?>
<!-- Generated by org.testng.reporters.JUnitReportReporter -->
<testsuite hostname="AMBIKA" failures="0" tests="1" name="mapSYNQ.SearchText" time="18.498" errors="0" timestamp="2020-03-08T15:56:06 SGT" skipped="0">
  <testcase classname="mapSYNQ.SearchText" name="validateSearching" time="18.498"/>
</testsuite> <!-- mapSYNQ.SearchText -->
