<?xml version="1.0" encoding="UTF-8"?>
<!-- Generated by org.testng.reporters.JUnitReportReporter -->
<testsuite hostname="AMBIKA" failures="0" tests="2" name="mapSYNQ.HomePage" time="29.149" errors="0" timestamp="2020-03-08T15:56:06 SGT" skipped="0">
  <testcase classname="mapSYNQ.HomePage" name="basePageNavigation" time="10.959"/>
  <testcase classname="mapSYNQ.HomePage" name="basePageNavigation" time="18.190"/>
</testsuite> <!-- mapSYNQ.HomePage -->
